<?xml version="1.0" encoding="UTF-8" ?>
<testsuite tests="41" failures="0" name="CucumberTest" time="1.753" errors="0" skipped="9">
  <properties>
    <property name="java.runtime.name" value="OpenJDK Runtime Environment"/>
    <property name="java.vm.version" value="15.0.2+7-27"/>
    <property name="sun.boot.library.path" value="C:\Users\Alan\.p2\pool\plugins\org.eclipse.justj.openjdk.hotspot.jre.full.win32.x86_64_15.0.2.v20210201-0955\jre\bin"/>
    <property name="maven.multiModuleProjectDirectory" value="C:\Users\Alan\Desktop\02160 Agile Object-oriented Software Development\Remote-Container-Management\System"/>
    <property name="java.vm.vendor" value="Oracle Corporation"/>
    <property name="java.vendor.url" value="https://java.oracle.com/"/>
    <property name="guice.disable.misplaced.annotation.check" value="true"/>
    <property name="path.separator" value=";"/>
    <property name="java.vm.name" value="OpenJDK 64-Bit Server VM"/>
    <property name="sun.os.patch.level" value=""/>
    <property name="user.script" value=""/>
    <property name="user.country" value="GB"/>
    <property name="sun.java.launcher" value="SUN_STANDARD"/>
    <property name="java.vm.specification.name" value="Java Virtual Machine Specification"/>
    <property name="user.dir" value="C:\Users\Alan\Desktop\02160 Agile Object-oriented Software Development\Remote-Container-Management\System"/>
    <property name="java.vm.compressedOopsMode" value="32-bit"/>
    <property name="java.runtime.version" value="15.0.2+7-27"/>
    <property name="os.arch" value="amd64"/>
    <property name="java.io.tmpdir" value="C:\Users\Alan\AppData\Local\Temp\"/>
    <property name="line.separator" value="
"/>
    <property name="java.vm.specification.vendor" value="Oracle Corporation"/>
    <property name="user.variant" value=""/>
    <property name="os.name" value="Windows 10"/>
    <property name="classworlds.conf" value="C:\Users\Alan\Desktop\02160 Agile Object-oriented Software Development\.metadata\.plugins\org.eclipse.m2e.launching\launches\m2conf16793786959759248312.tmp"/>
    <property name="sun.jnu.encoding" value="Cp1252"/>
    <property name="java.library.path" value="C:\Users\Alan\.p2\pool\plugins\org.eclipse.justj.openjdk.hotspot.jre.full.win32.x86_64_15.0.2.v20210201-0955\jre\bin;C:\WINDOWS\Sun\Java\bin;C:\WINDOWS\system32;C:\WINDOWS;C:/Users/Alan/.p2/pool/plugins/org.eclipse.justj.openjdk.hotspot.jre.full.win32.x86_64_15.0.2.v20210201-0955/jre/bin/server;C:/Users/Alan/.p2/pool/plugins/org.eclipse.justj.openjdk.hotspot.jre.full.win32.x86_64_15.0.2.v20210201-0955/jre/bin;C:\Program Files (x86)\Intel\Intel(R) Management Engine Components\iCLS\;C:\Program Files\Intel\Intel(R) Management Engine Components\iCLS\;C:\WINDOWS\system32;C:\WINDOWS;C:\WINDOWS\System32\Wbem;C:\WINDOWS\System32\WindowsPowerShell\v1.0\;C:\WINDOWS\System32\OpenSSH\;C:\Program Files (x86)\Intel\Intel(R) Management Engine Components\DAL;C:\Program Files\Intel\Intel(R) Management Engine Components\DAL;C:\Program Files (x86)\Intel\Intel(R) Management Engine Components\IPT;C:\Program Files\Intel\Intel(R) Management Engine Components\IPT;C:\Program Files\Intel\WiFi\bin\;C:\Program Files\Common Files\Intel\WirelessCommon\;C:\Program Files\MATLAB\R2020a\bin;C:\Program Files\dotnet\;C:\Program Files\Microsoft SQL Server\130\Tools\Binn\;C:\Program Files\Graphviz 2.44.1\bin;C:\Program Files\Microsoft SQL Server\120\Tools\Binn\;C:\Users\Alan\AppData\Local\Programs\MiKTeX\miktex\bin\x64\;C:\Users\Alan\.dotnet\tools;C:\Users\Alan\AppData\Local\Microsoft\WindowsApps;;C:\Users\Alan\Desktop;;."/>
    <property name="jdk.debug" value="release"/>
    <property name="java.class.version" value="59.0"/>
    <property name="java.specification.name" value="Java Platform API Specification"/>
    <property name="sun.management.compiler" value="HotSpot 64-Bit Tiered Compilers"/>
    <property name="os.version" value="10.0"/>
    <property name="user.home" value="C:\Users\Alan"/>
    <property name="user.timezone" value="Europe/Copenhagen"/>
    <property name="file.encoding" value="Cp1252"/>
    <property name="java.specification.version" value="15"/>
    <property name="user.name" value="Alan"/>
    <property name="java.class.path" value="C:\Users\Alan\.p2\pool\plugins\org.eclipse.m2e.maven.runtime_1.16.0.20200610-1735\jars\plexus-classworlds-2.6.0.jar"/>
    <property name="java.vm.specification.version" value="15"/>
    <property name="sun.arch.data.model" value="64"/>
    <property name="sun.java.command" value="org.codehaus.plexus.classworlds.launcher.Launcher -B install"/>
    <property name="java.home" value="C:\Users\Alan\.p2\pool\plugins\org.eclipse.justj.openjdk.hotspot.jre.full.win32.x86_64_15.0.2.v20210201-0955\jre"/>
    <property name="user.language" value="en"/>
    <property name="java.specification.vendor" value="Oracle Corporation"/>
    <property name="java.vm.info" value="mixed mode"/>
    <property name="java.version" value="15.0.2"/>
    <property name="java.vendor" value="Oracle Corporation"/>
    <property name="maven.home" value="C:\Users\Alan\Desktop\02160 Agile Object-oriented Software Development\Remote-Container-Management\System\EMBEDDED"/>
    <property name="file.separator" value="\"/>
    <property name="java.version.date" value="2021-01-19"/>
    <property name="java.vendor.url.bug" value="https://bugreport.java.com/bugreport/"/>
    <property name="sun.io.unicode.encoding" value="UnicodeLittle"/>
    <property name="sun.cpu.endian" value="little"/>
    <property name="sun.cpu.isalist" value="amd64"/>
  </properties>
  <testcase classname="Update information" name="Successfull update of al information except name and birth date" time="0.579"/>
  <testcase classname="Update information" name="Unsuccessfull update" time="0.04"/>
  <testcase classname="Update information" name="Unsuccessfull update 2" time="0.034"/>
  <testcase classname="Update information" name="Unsuccessfull update 3" time="0.01"/>
  <testcase classname="Contacting clients" name="Contacting registered client by unique id" time="0.007"/>
  <testcase classname="Contacting clients" name="Contacting registered client by name" time="0.021"/>
  <testcase classname="Contacting clients" name="Contacting client by id that doesnt exists" time="0.015"/>
  <testcase classname="Contacting clients" name="Contacting client by name that doesnt exists" time="0.009"/>
  <testcase classname="Finding a journey" name="Find journeys according to origin" time="0.472"/>
  <testcase classname="Finding a journey" name="Find journeys according to destination" time="0.103"/>
  <testcase classname="Finding a journey" name="Find journeys according to content-type" time="0.049"/>
  <testcase classname="Finding a journey" name="Find journeys according to company" time="0.044"/>
  <testcase classname="Finding a journey" name="Find all journeys" time="0.059">
    <skipped/>
  </testcase>
  <testcase classname="Managing journeys information" name="Update the current position of a container" time="0.007"/>
  <testcase classname="Managing journeys information" name="Deny updating because the journey was not found" time="0.038">
    <skipped/>
  </testcase>
  <testcase classname="Managing journeys information" name="Deny updating because the journey was not found" time="0.008"/>
  <testcase classname="Managing journeys information" name="Complete a journey and remove it from the record" time="0.007">
    <skipped/>
  </testcase>
  <testcase classname="Managing journeys information" name="Deny completion because the journey was not found" time="0.005">
    <skipped/>
  </testcase>
  <testcase classname="Register clients" name="A client is registering in the system with date of birth, full name and email, phone number" time="0.007"/>
  <testcase classname="Register clients" name="Same client registers again" time="0.005"/>
  <testcase classname="Register clients" name="Two client with same name but different contact info register" time="0.012"/>
  <testcase classname="Register clients" name="Client tries to register without name" time="0.021"/>
  <testcase classname="Register clients" name="Client tries to register with one contact info" time="0.023"/>
  <testcase classname="Register clients" name="Client tries to register with the other contact info" time="0.013"/>
  <testcase classname="Registering containers" name="Register containers" time="0.011"/>
  <testcase classname="Registering containers" name="Register fewer containers than requested" time="0.014"/>
  <testcase classname="Registering containers" name="Deny registering due to unavailable containers" time="0.011"/>
  <testcase classname="Registering containers" name="Deny registering due to missing content type" time="0.007"/>
  <testcase classname="Registering containers" name="Deny registering due to missing company" time="0.006"/>
  <testcase classname="Registering containers" name="Deny registering due to missing company and content-type" time="0.006"/>
  <testcase classname="Register client containers to a journey" name="Register to a journey" time="0.007"/>
  <testcase classname="Register client containers to a journey" name="Deny registering due to unavailable journey" time="0.008"/>
  <testcase classname="Register client containers to a journey" name="Deny registering due to unavailable container" time="0.016"/>
  <testcase classname="Register client containers to a journey" name="Deny assigning due to unavailable journey because of different origin and destination" time="0.009"/>
  <testcase classname="Register client containers to a journey" name="Deny assigning due to unavailable journey because of different origin" time="0.005"/>
  <testcase classname="Register client containers to a journey" name="Deny assigning due to unavailable journey because of different destination" time="0.006"/>
  <testcase classname="Update Json database" name="Successful update of Json file" time="0.008">
    <skipped/>
  </testcase>
  <testcase classname="Update Json database" name="Unsuccessful update due to missing Json file" time="0.008">
    <skipped/>
  </testcase>
  <testcase classname="Update Json database" name="Successful deletion of data from Json file" time="0.011">
    <skipped/>
  </testcase>
  <testcase classname="Update Json database" name="Unsuccessful deletion due to missing Json file" time="0.016">
    <skipped/>
  </testcase>
  <testcase classname="Update Json database" name="Unsuccessful deletion due to information not existing in Json file" time="0.016">
    <skipped/>
  </testcase>
</testsuite>