<?xml version="1.0" encoding="UTF-8" ?>
<testsuite tests="73" failures="0" name="ContainerDatabaseTest" time="0.031" errors="0" skipped="0">
  <properties>
    <property name="java.runtime.name" value="OpenJDK Runtime Environment"/>
    <property name="java.vm.version" value="15.0.2+7-27"/>
    <property name="sun.boot.library.path" value="C:\Users\Alan\.p2\pool\plugins\org.eclipse.justj.openjdk.hotspot.jre.full.win32.x86_64_15.0.2.v20210201-0955\jre\bin"/>
    <property name="maven.multiModuleProjectDirectory" value="C:\Users\Alan\Desktop\02160 Agile Object-oriented Software Development\Remote-Container-Management\System"/>
    <property name="java.vm.vendor" value="Oracle Corporation"/>
    <property name="java.vendor.url" value="https://java.oracle.com/"/>
    <property name="guice.disable.misplaced.annotation.check" value="true"/>
    <property name="path.separator" value=";"/>
    <property name="java.vm.name" value="OpenJDK 64-Bit Server VM"/>
    <property name="sun.os.patch.level" value=""/>
    <property name="user.script" value=""/>
    <property name="user.country" value="GB"/>
    <property name="sun.java.launcher" value="SUN_STANDARD"/>
    <property name="java.vm.specification.name" value="Java Virtual Machine Specification"/>
    <property name="user.dir" value="C:\Users\Alan\Desktop\02160 Agile Object-oriented Software Development\Remote-Container-Management\System"/>
    <property name="java.vm.compressedOopsMode" value="32-bit"/>
    <property name="java.runtime.version" value="15.0.2+7-27"/>
    <property name="os.arch" value="amd64"/>
    <property name="java.io.tmpdir" value="C:\Users\Alan\AppData\Local\Temp\"/>
    <property name="line.separator" value="
"/>
    <property name="java.vm.specification.vendor" value="Oracle Corporation"/>
    <property name="user.variant" value=""/>
    <property name="os.name" value="Windows 10"/>
    <property name="classworlds.conf" value="C:\Users\Alan\Desktop\02160 Agile Object-oriented Software Development\.metadata\.plugins\org.eclipse.m2e.launching\launches\m2conf18367087334022197100.tmp"/>
    <property name="sun.jnu.encoding" value="Cp1252"/>
    <property name="java.library.path" value="C:\Users\Alan\.p2\pool\plugins\org.eclipse.justj.openjdk.hotspot.jre.full.win32.x86_64_15.0.2.v20210201-0955\jre\bin;C:\WINDOWS\Sun\Java\bin;C:\WINDOWS\system32;C:\WINDOWS;C:/Users/Alan/.p2/pool/plugins/org.eclipse.justj.openjdk.hotspot.jre.full.win32.x86_64_15.0.2.v20210201-0955/jre/bin/server;C:/Users/Alan/.p2/pool/plugins/org.eclipse.justj.openjdk.hotspot.jre.full.win32.x86_64_15.0.2.v20210201-0955/jre/bin;C:\Program Files (x86)\Common Files\Oracle\Java\javapath;C:\Program Files (x86)\Intel\Intel(R) Management Engine Components\iCLS\;C:\Program Files\Intel\Intel(R) Management Engine Components\iCLS\;C:\WINDOWS\system32;C:\WINDOWS;C:\WINDOWS\System32\Wbem;C:\WINDOWS\System32\WindowsPowerShell\v1.0\;C:\WINDOWS\System32\OpenSSH\;C:\Program Files (x86)\Intel\Intel(R) Management Engine Components\DAL;C:\Program Files\Intel\Intel(R) Management Engine Components\DAL;C:\Program Files (x86)\Intel\Intel(R) Management Engine Components\IPT;C:\Program Files\Intel\Intel(R) Management Engine Components\IPT;C:\Program Files\Intel\WiFi\bin\;C:\Program Files\Common Files\Intel\WirelessCommon\;C:\Program Files\MATLAB\R2020a\bin;C:\Program Files\dotnet\;C:\Program Files\Microsoft SQL Server\130\Tools\Binn\;C:\Program Files\Graphviz 2.44.1\bin;C:\Program Files\Microsoft SQL Server\120\Tools\Binn\;C:\Users\Alan\AppData\Local\Programs\MiKTeX\miktex\bin\x64\;C:\Users\Alan\.dotnet\tools;C:\Users\Alan\AppData\Local\Microsoft\WindowsApps;;C:\Program Files\Autodesk\Inventor 2021\Bin;;."/>
    <property name="jdk.debug" value="release"/>
    <property name="java.class.version" value="59.0"/>
    <property name="java.specification.name" value="Java Platform API Specification"/>
    <property name="sun.management.compiler" value="HotSpot 64-Bit Tiered Compilers"/>
    <property name="os.version" value="10.0"/>
    <property name="user.home" value="C:\Users\Alan"/>
    <property name="user.timezone" value="Europe/Copenhagen"/>
    <property name="file.encoding" value="Cp1252"/>
    <property name="java.specification.version" value="15"/>
    <property name="user.name" value="Alan"/>
    <property name="java.class.path" value="C:\Users\Alan\.p2\pool\plugins\org.eclipse.m2e.maven.runtime_1.16.0.20200610-1735\jars\plexus-classworlds-2.6.0.jar"/>
    <property name="java.vm.specification.version" value="15"/>
    <property name="sun.arch.data.model" value="64"/>
    <property name="sun.java.command" value="org.codehaus.plexus.classworlds.launcher.Launcher -B test"/>
    <property name="java.home" value="C:\Users\Alan\.p2\pool\plugins\org.eclipse.justj.openjdk.hotspot.jre.full.win32.x86_64_15.0.2.v20210201-0955\jre"/>
    <property name="user.language" value="en"/>
    <property name="java.specification.vendor" value="Oracle Corporation"/>
    <property name="java.vm.info" value="mixed mode"/>
    <property name="java.version" value="15.0.2"/>
    <property name="java.vendor" value="Oracle Corporation"/>
    <property name="maven.home" value="C:\Users\Alan\Desktop\02160 Agile Object-oriented Software Development\Remote-Container-Management\System\EMBEDDED"/>
    <property name="file.separator" value="\"/>
    <property name="java.version.date" value="2021-01-19"/>
    <property name="java.vendor.url.bug" value="https://bugreport.java.com/bugreport/"/>
    <property name="sun.io.unicode.encoding" value="UnicodeLittle"/>
    <property name="sun.cpu.endian" value="little"/>
    <property name="sun.cpu.isalist" value="amd64"/>
  </properties>
  <testcase classname="ContainerDatabaseTest" name="testExtractIntString2" time="0.001"/>
  <testcase classname="ContainerDatabaseTest" name="testExtractIntString3" time="0.002"/>
  <testcase classname="ContainerDatabaseTest" name="testExtractIntString4" time="0.001"/>
  <testcase classname="ContainerDatabaseTest" name="testSetContainers" time="0"/>
  <testcase classname="ContainerDatabaseTest" name="testGetColumnNameInt2" time="0.001"/>
  <testcase classname="ContainerDatabaseTest" name="testGetColumnNameInt3" time="0"/>
  <testcase classname="ContainerDatabaseTest" name="testGetColumnNameInt4" time="0.001"/>
  <testcase classname="ContainerDatabaseTest" name="testGetColumnNameInt5" time="0"/>
  <testcase classname="ContainerDatabaseTest" name="testGetColumnNameInt6" time="0"/>
  <testcase classname="ContainerDatabaseTest" name="testGetColumnNameInt7" time="0"/>
  <testcase classname="ContainerDatabaseTest" name="testGetColumnNameInt8" time="0"/>
  <testcase classname="ContainerDatabaseTest" name="testUpdatePosition2" time="0"/>
  <testcase classname="ContainerDatabaseTest" name="testUpdatePosition3" time="0"/>
  <testcase classname="ContainerDatabaseTest" name="testUpdatePosition4" time="0"/>
  <testcase classname="ContainerDatabaseTest" name="testUpdatePosition5" time="0"/>
  <testcase classname="ContainerDatabaseTest" name="testBook2" time="0.001"/>
  <testcase classname="ContainerDatabaseTest" name="testBook3" time="0"/>
  <testcase classname="ContainerDatabaseTest" name="testBook4" time="0"/>
  <testcase classname="ContainerDatabaseTest" name="testBook5" time="0"/>
  <testcase classname="ContainerDatabaseTest" name="testBook6" time="0"/>
  <testcase classname="ContainerDatabaseTest" name="testBook7" time="0.001"/>
  <testcase classname="ContainerDatabaseTest" name="testBook8" time="0"/>
  <testcase classname="ContainerDatabaseTest" name="testBook" time="0.001"/>
  <testcase classname="ContainerDatabaseTest" name="testFindStringString2" time="0.006"/>
  <testcase classname="ContainerDatabaseTest" name="testFindStringString3" time="0"/>
  <testcase classname="ContainerDatabaseTest" name="testFindStringString4" time="0"/>
  <testcase classname="ContainerDatabaseTest" name="testFindStringString5" time="0"/>
  <testcase classname="ContainerDatabaseTest" name="testFindStringString6" time="0.001"/>
  <testcase classname="ContainerDatabaseTest" name="testFindStringString7" time="0"/>
  <testcase classname="ContainerDatabaseTest" name="testFindStringString8" time="0"/>
  <testcase classname="ContainerDatabaseTest" name="testFindStringString9" time="0"/>
  <testcase classname="ContainerDatabaseTest" name="testFindBoolean2" time="0.001"/>
  <testcase classname="ContainerDatabaseTest" name="testFindStringString" time="0"/>
  <testcase classname="ContainerDatabaseTest" name="testFindStringString10" time="0.001"/>
  <testcase classname="ContainerDatabaseTest" name="testFindStringString11" time="0"/>
  <testcase classname="ContainerDatabaseTest" name="testFindStringString12" time="0.001"/>
  <testcase classname="ContainerDatabaseTest" name="testFindStringString13" time="0"/>
  <testcase classname="ContainerDatabaseTest" name="testFindStringString14" time="0"/>
  <testcase classname="ContainerDatabaseTest" name="testGetValueAt2" time="0"/>
  <testcase classname="ContainerDatabaseTest" name="testGetValueAt3" time="0"/>
  <testcase classname="ContainerDatabaseTest" name="testGetValueAt4" time="0"/>
  <testcase classname="ContainerDatabaseTest" name="testGetValueAt5" time="0.001"/>
  <testcase classname="ContainerDatabaseTest" name="testGetValueAt6" time="0"/>
  <testcase classname="ContainerDatabaseTest" name="testGetValueAt7" time="0.001"/>
  <testcase classname="ContainerDatabaseTest" name="testGetValueAt8" time="0"/>
  <testcase classname="ContainerDatabaseTest" name="testRegister" time="0.001"/>
  <testcase classname="ContainerDatabaseTest" name="testExtractInt" time="0"/>
  <testcase classname="ContainerDatabaseTest" name="testFindBoolean" time="0.003"/>
  <testcase classname="ContainerDatabaseTest" name="testExtractIntString" time="0"/>
  <testcase classname="ContainerDatabaseTest" name="testGetColumnNameInt" time="0"/>
  <testcase classname="ContainerDatabaseTest" name="testUpdatePosition" time="0.001"/>
  <testcase classname="ContainerDatabaseTest" name="testFindStringInt2" time="0"/>
  <testcase classname="ContainerDatabaseTest" name="testFindStringInt3" time="0"/>
  <testcase classname="ContainerDatabaseTest" name="testFindStringInt4" time="0"/>
  <testcase classname="ContainerDatabaseTest" name="testFindStringInt5" time="0"/>
  <testcase classname="ContainerDatabaseTest" name="testFindStringInt6" time="0"/>
  <testcase classname="ContainerDatabaseTest" name="testGetValueAt" time="0.001"/>
  <testcase classname="ContainerDatabaseTest" name="testRemove2" time="0"/>
  <testcase classname="ContainerDatabaseTest" name="testRemove3" time="0"/>
  <testcase classname="ContainerDatabaseTest" name="testRegister2" time="0"/>
  <testcase classname="ContainerDatabaseTest" name="testRegister3" time="0"/>
  <testcase classname="ContainerDatabaseTest" name="testExtractInt2" time="0.001"/>
  <testcase classname="ContainerDatabaseTest" name="testExtractInt3" time="0"/>
  <testcase classname="ContainerDatabaseTest" name="testGetRowCount" time="0"/>
  <testcase classname="ContainerDatabaseTest" name="testGetColumnCount" time="0"/>
  <testcase classname="ContainerDatabaseTest" name="testRemove" time="0.001"/>
  <testcase classname="ContainerDatabaseTest" name="testMarkArrived2" time="0"/>
  <testcase classname="ContainerDatabaseTest" name="testMarkArrived3" time="0.001"/>
  <testcase classname="ContainerDatabaseTest" name="testMarkArrived4" time="0"/>
  <testcase classname="ContainerDatabaseTest" name="testMarkArrived5" time="0"/>
  <testcase classname="ContainerDatabaseTest" name="testGetContainers" time="0"/>
  <testcase classname="ContainerDatabaseTest" name="testFindStringInt" time="0.001"/>
  <testcase classname="ContainerDatabaseTest" name="testMarkArrived" time="0"/>
</testsuite>